<?xml version="1.0" encoding="UTF-8"?>
<Site BuildName="Linux-g++"
	BuildStamp="20231121-0839-Experimental"
	Name="UbuntuAlexUnder"
	Generator="ctest-3.22.1"
	CompilerName="/usr/bin/g++"
	CompilerVersion="11.4.0"
	OSName="Linux"
	Hostname="alexunder-HP-Pavilion-15-Notebook-PC"
	OSRelease="6.2.0-26-generic"
	OSVersion="#26~22.04.1-Ubuntu SMP PREEMPT_DYNAMIC Thu Jul 13 16:27:29 UTC 2"
	OSPlatform="x86_64"
	Is64Bits="1"
	VendorString="AuthenticAMD"
	VendorID="Advanced Micro Devices"
	FamilyID="22"
	ModelID="0"
	ProcessorCacheSize="2048"
	NumberOfLogicalCPU="4"
	NumberOfPhysicalCPU="4"
	TotalVirtualMemory="2047"
	TotalPhysicalMemory="7399"
	LogicalProcessorsPerPhysical="1"
	ProcessorClockFrequency="1497.2"
	>
	<Testing>
		<StartDateTime>Nov 21 11:39 MSK</StartDateTime>
		<StartTestTime>1700555943</StartTestTime>
		<TestList/>
		<EndDateTime>Nov 21 11:39 MSK</EndDateTime>
		<EndTestTime>1700555943</EndTestTime>
		<ElapsedMinutes>0</ElapsedMinutes>
	</Testing>
</Site>
