<?xml version="1.0" encoding="UTF-8"?>
<Site BuildName="Linux-g++"
	BuildStamp="20231202-0833-Experimental"
	Name="alexunder-HP-Pavilion-15-Notebook-PC"
	Generator="ctest-3.22.1"
	CompilerName="/usr/bin/g++"
	CompilerVersion="11.4.0"
	OSName="Linux"
	Hostname="alexunder-HP-Pavilion-15-Notebook-PC"
	OSRelease="6.2.0-37-generic"
	OSVersion="#38~22.04.1-Ubuntu SMP PREEMPT_DYNAMIC Thu Nov  2 18:01:13 UTC 2"
	OSPlatform="x86_64"
	Is64Bits="1"
	VendorString="AuthenticAMD"
	VendorID="Advanced Micro Devices"
	FamilyID="22"
	ModelID="0"
	ProcessorCacheSize="2048"
	NumberOfLogicalCPU="4"
	NumberOfPhysicalCPU="4"
	TotalVirtualMemory="2047"
	TotalPhysicalMemory="7399"
	LogicalProcessorsPerPhysical="1"
	ProcessorClockFrequency="1497.17"
	>
	<Testing>
		<StartDateTime>Dec 02 15:41 MSK</StartDateTime>
		<StartTestTime>1701520863</StartTestTime>
		<TestList/>
		<EndDateTime>Dec 02 15:41 MSK</EndDateTime>
		<EndTestTime>1701520863</EndTestTime>
		<ElapsedMinutes>0</ElapsedMinutes>
	</Testing>
</Site>
