<?xml version="1.0" encoding="UTF-8"?>
<Site BuildName="Linux-c++"
	BuildStamp="20240210-1436-Experimental"
	Name="alexunder-MaiBook-M"
	Generator="ctest-3.22.1"
	CompilerName="/usr/bin/c++"
	CompilerVersion="11.4.0"
	OSName="Linux"
	Hostname="alexunder-MaiBook-M"
	OSRelease="6.5.0-15-generic"
	OSVersion="#15~22.04.1-Ubuntu SMP PREEMPT_DYNAMIC Fri Jan 12 18:54:30 UTC 2"
	OSPlatform="x86_64"
	Is64Bits="1"
	VendorString="AuthenticAMD"
	VendorID="Advanced Micro Devices"
	FamilyID="23"
	ModelID="104"
	ProcessorCacheSize="512"
	NumberOfLogicalCPU="16"
	NumberOfPhysicalCPU="8"
	TotalVirtualMemory="0"
	TotalPhysicalMemory="15360"
	LogicalProcessorsPerPhysical="2"
	ProcessorClockFrequency="1396.9"
	>
	<Testing>
		<StartDateTime>Feb 10 17:36 MSK</StartDateTime>
		<StartTestTime>1707575790</StartTestTime>
		<TestList/>
		<EndDateTime>Feb 10 17:36 MSK</EndDateTime>
		<EndTestTime>1707575790</EndTestTime>
		<ElapsedMinutes>0</ElapsedMinutes>
	</Testing>
</Site>
