<?xml version="1.0" encoding="UTF-8"?>
<Site BuildName="Linux-g++"
	BuildStamp="20231120-1436-Experimental"
	Name="UbuntuAlexUnder"
	Generator="ctest-3.22.1"
	CompilerName="/usr/bin/g++"
	CompilerVersion="11.4.0"
	OSName="Linux"
	Hostname="UbuntuAlexUnder"
	OSRelease="6.2.0-36-generic"
	OSVersion="#37~22.04.1-Ubuntu SMP PREEMPT_DYNAMIC Mon Oct  9 15:34:04 UTC 2"
	OSPlatform="x86_64"
	Is64Bits="1"
	VendorString="AuthenticAMD"
	VendorID="Advanced Micro Devices"
	FamilyID="22"
	ModelID="0"
	ProcessorCacheSize="2048"
	NumberOfLogicalCPU="4"
	NumberOfPhysicalCPU="4"
	TotalVirtualMemory="2679"
	TotalPhysicalMemory="3907"
	LogicalProcessorsPerPhysical="1"
	ProcessorClockFrequency="1497.19"
	>
	<Testing>
		<StartDateTime>Nov 20 17:36 MSK</StartDateTime>
		<StartTestTime>1700491004</StartTestTime>
		<TestList/>
		<EndDateTime>Nov 20 17:36 MSK</EndDateTime>
		<EndTestTime>1700491004</EndTestTime>
		<ElapsedMinutes>0</ElapsedMinutes>
	</Testing>
</Site>
